<?xml version="1.0" encoding="UTF-8"?>
<testsuite xmlns:xsi="http://www.w3.org/2001/XMLSchema-instance" xsi:noNamespaceSchemaLocation="https://maven.apache.org/surefire/maven-surefire-plugin/xsd/surefire-test-report-3.0.xsd" version="3.0" name="com.visualpathit.account.modelTest.RoleTest" time="0.003" tests="1" errors="0" skipped="0" failures="0">
  <properties>
    <property name="sun.desktop" value="windows"/>
    <property name="awt.toolkit" value="sun.awt.windows.WToolkit"/>
    <property name="file.encoding.pkg" value="sun.io"/>
    <property name="java.specification.version" value="1.8"/>
    <property name="sun.cpu.isalist" value="amd64"/>
    <property name="sun.jnu.encoding" value="Cp1252"/>
    <property name="java.class.path" value="C:\Users\Thanachart Saejueng\Desktop\AWS Project\hkhcoder\vprofile-project\target\test-classes;C:\Users\Thanachart Saejueng\Desktop\AWS Project\hkhcoder\vprofile-project\target\classes;C:\Users\Thanachart Saejueng\.m2\repository\org\springframework\spring-web\4.2.0.RELEASE\spring-web-4.2.0.RELEASE.jar;C:\Users\Thanachart Saejueng\.m2\repository\org\springframework\spring-aop\4.2.0.RELEASE\spring-aop-4.2.0.RELEASE.jar;C:\Users\Thanachart Saejueng\.m2\repository\org\springframework\spring-beans\4.2.0.RELEASE\spring-beans-4.2.0.RELEASE.jar;C:\Users\Thanachart Saejueng\.m2\repository\org\springframework\spring-context\4.2.0.RELEASE\spring-context-4.2.0.RELEASE.jar;C:\Users\Thanachart Saejueng\.m2\repository\org\springframework\spring-core\4.2.0.RELEASE\spring-core-4.2.0.RELEASE.jar;C:\Users\Thanachart Saejueng\.m2\repository\commons-logging\commons-logging\1.2\commons-logging-1.2.jar;C:\Users\Thanachart Saejueng\.m2\repository\org\springframework\spring-webmvc\4.2.0.RELEASE\spring-webmvc-4.2.0.RELEASE.jar;C:\Users\Thanachart Saejueng\.m2\repository\org\springframework\spring-expression\4.2.0.RELEASE\spring-expression-4.2.0.RELEASE.jar;C:\Users\Thanachart Saejueng\.m2\repository\org\springframework\security\spring-security-web\4.0.2.RELEASE\spring-security-web-4.0.2.RELEASE.jar;C:\Users\Thanachart Saejueng\.m2\repository\aopalliance\aopalliance\1.0\aopalliance-1.0.jar;C:\Users\Thanachart Saejueng\.m2\repository\org\springframework\security\spring-security-core\4.0.2.RELEASE\spring-security-core-4.0.2.RELEASE.jar;C:\Users\Thanachart Saejueng\.m2\repository\org\springframework\security\spring-security-config\4.0.2.RELEASE\spring-security-config-4.0.2.RELEASE.jar;C:\Users\Thanachart Saejueng\.m2\repository\org\hibernate\hibernate-validator\5.2.1.Final\hibernate-validator-5.2.1.Final.jar;C:\Users\Thanachart Saejueng\.m2\repository\javax\validation\validation-api\1.1.0.Final\validation-api-1.1.0.Final.jar;C:\Users\Thanachart Saejueng\.m2\repository\org\jboss\logging\jboss-logging\3.2.1.Final\jboss-logging-3.2.1.Final.jar;C:\Users\Thanachart Saejueng\.m2\repository\com\fasterxml\classmate\1.1.0\classmate-1.1.0.jar;C:\Users\Thanachart Saejueng\.m2\repository\org\springframework\data\spring-data-jpa\1.8.2.RELEASE\spring-data-jpa-1.8.2.RELEASE.jar;C:\Users\Thanachart Saejueng\.m2\repository\org\springframework\data\spring-data-commons\1.10.2.RELEASE\spring-data-commons-1.10.2.RELEASE.jar;C:\Users\Thanachart Saejueng\.m2\repository\org\springframework\spring-orm\4.0.9.RELEASE\spring-orm-4.0.9.RELEASE.jar;C:\Users\Thanachart Saejueng\.m2\repository\org\springframework\spring-jdbc\4.0.9.RELEASE\spring-jdbc-4.0.9.RELEASE.jar;C:\Users\Thanachart Saejueng\.m2\repository\org\springframework\spring-tx\4.0.9.RELEASE\spring-tx-4.0.9.RELEASE.jar;C:\Users\Thanachart Saejueng\.m2\repository\org\aspectj\aspectjrt\1.8.6\aspectjrt-1.8.6.jar;C:\Users\Thanachart Saejueng\.m2\repository\org\slf4j\slf4j-api\1.7.12\slf4j-api-1.7.12.jar;C:\Users\Thanachart Saejueng\.m2\repository\org\slf4j\jcl-over-slf4j\1.7.12\jcl-over-slf4j-1.7.12.jar;C:\Users\Thanachart Saejueng\.m2\repository\org\hibernate\hibernate-entitymanager\4.3.11.Final\hibernate-entitymanager-4.3.11.Final.jar;C:\Users\Thanachart Saejueng\.m2\repository\org\jboss\logging\jboss-logging-annotations\1.2.0.Beta1\jboss-logging-annotations-1.2.0.Beta1.jar;C:\Users\Thanachart Saejueng\.m2\repository\org\hibernate\hibernate-core\4.3.11.Final\hibernate-core-4.3.11.Final.jar;C:\Users\Thanachart Saejueng\.m2\repository\antlr\antlr\2.7.7\antlr-2.7.7.jar;C:\Users\Thanachart Saejueng\.m2\repository\org\jboss\jandex\1.1.0.Final\jandex-1.1.0.Final.jar;C:\Users\Thanachart Saejueng\.m2\repository\dom4j\dom4j\1.6.1\dom4j-1.6.1.jar;C:\Users\Thanachart Saejueng\.m2\repository\xml-apis\xml-apis\1.0.b2\xml-apis-1.0.b2.jar;C:\Users\Thanachart Saejueng\.m2\repository\org\hibernate\common\hibernate-commons-annotations\4.0.5.Final\hibernate-commons-annotations-4.0.5.Final.jar;C:\Users\Thanachart Saejueng\.m2\repository\org\hibernate\javax\persistence\hibernate-jpa-2.1-api\1.0.0.Final\hibernate-jpa-2.1-api-1.0.0.Final.jar;C:\Users\Thanachart Saejueng\.m2\repository\org\jboss\spec\javax\transaction\jboss-transaction-api_1.2_spec\1.0.0.Final\jboss-transaction-api_1.2_spec-1.0.0.Final.jar;C:\Users\Thanachart Saejueng\.m2\repository\org\javassist\javassist\3.18.1-GA\javassist-3.18.1-GA.jar;C:\Users\Thanachart Saejueng\.m2\repository\com\mysql\mysql-connector-j\8.0.32\mysql-connector-j-8.0.32.jar;C:\Users\Thanachart Saejueng\.m2\repository\com\google\protobuf\protobuf-java\3.21.9\protobuf-java-3.21.9.jar;C:\Users\Thanachart Saejueng\.m2\repository\commons-dbcp\commons-dbcp\1.4\commons-dbcp-1.4.jar;C:\Users\Thanachart Saejueng\.m2\repository\commons-pool\commons-pool\1.5.4\commons-pool-1.5.4.jar;C:\Users\Thanachart Saejueng\.m2\repository\javax\servlet\jstl\1.2\jstl-1.2.jar;C:\Users\Thanachart Saejueng\.m2\repository\junit\junit\4.10\junit-4.10.jar;C:\Users\Thanachart Saejueng\.m2\repository\org\hamcrest\hamcrest-core\1.1\hamcrest-core-1.1.jar;C:\Users\Thanachart Saejueng\.m2\repository\org\mockito\mockito-core\1.9.5\mockito-core-1.9.5.jar;C:\Users\Thanachart Saejueng\.m2\repository\org\objenesis\objenesis\1.0\objenesis-1.0.jar;C:\Users\Thanachart Saejueng\.m2\repository\org\springframework\spring-test\3.2.3.RELEASE\spring-test-3.2.3.RELEASE.jar;C:\Users\Thanachart Saejueng\.m2\repository\javax\servlet\javax.servlet-api\3.1.0\javax.servlet-api-3.1.0.jar;C:\Users\Thanachart Saejueng\.m2\repository\ch\qos\logback\logback-classic\1.1.3\logback-classic-1.1.3.jar;C:\Users\Thanachart Saejueng\.m2\repository\ch\qos\logback\logback-core\1.1.3\logback-core-1.1.3.jar;C:\Users\Thanachart Saejueng\.m2\repository\org\hamcrest\hamcrest-all\1.3\hamcrest-all-1.3.jar;C:\Users\Thanachart Saejueng\.m2\repository\commons-fileupload\commons-fileupload\1.3.1\commons-fileupload-1.3.1.jar;C:\Users\Thanachart Saejueng\.m2\repository\net\spy\spymemcached\2.12.3\spymemcached-2.12.3.jar;C:\Users\Thanachart Saejueng\.m2\repository\commons-io\commons-io\2.4\commons-io-2.4.jar;C:\Users\Thanachart Saejueng\.m2\repository\org\springframework\amqp\spring-rabbit\1.7.1.RELEASE\spring-rabbit-1.7.1.RELEASE.jar;C:\Users\Thanachart Saejueng\.m2\repository\org\springframework\spring-messaging\4.3.7.RELEASE\spring-messaging-4.3.7.RELEASE.jar;C:\Users\Thanachart Saejueng\.m2\repository\org\springframework\amqp\spring-amqp\1.7.1.RELEASE\spring-amqp-1.7.1.RELEASE.jar;C:\Users\Thanachart Saejueng\.m2\repository\com\rabbitmq\http-client\1.1.1.RELEASE\http-client-1.1.1.RELEASE.jar;C:\Users\Thanachart Saejueng\.m2\repository\org\apache\httpcomponents\httpclient\4.3.6\httpclient-4.3.6.jar;C:\Users\Thanachart Saejueng\.m2\repository\org\apache\httpcomponents\httpcore\4.3.3\httpcore-4.3.3.jar;C:\Users\Thanachart Saejueng\.m2\repository\commons-codec\commons-codec\1.6\commons-codec-1.6.jar;C:\Users\Thanachart Saejueng\.m2\repository\com\fasterxml\jackson\core\jackson-databind\2.8.4\jackson-databind-2.8.4.jar;C:\Users\Thanachart Saejueng\.m2\repository\com\fasterxml\jackson\core\jackson-annotations\2.8.0\jackson-annotations-2.8.0.jar;C:\Users\Thanachart Saejueng\.m2\repository\org\springframework\retry\spring-retry\1.2.0.RELEASE\spring-retry-1.2.0.RELEASE.jar;C:\Users\Thanachart Saejueng\.m2\repository\com\rabbitmq\amqp-client\4.0.2\amqp-client-4.0.2.jar;C:\Users\Thanachart Saejueng\.m2\repository\org\elasticsearch\elasticsearch\5.6.4\elasticsearch-5.6.4.jar;C:\Users\Thanachart Saejueng\.m2\repository\org\apache\lucene\lucene-core\6.6.1\lucene-core-6.6.1.jar;C:\Users\Thanachart Saejueng\.m2\repository\org\apache\lucene\lucene-analyzers-common\6.6.1\lucene-analyzers-common-6.6.1.jar;C:\Users\Thanachart Saejueng\.m2\repository\org\apache\lucene\lucene-backward-codecs\6.6.1\lucene-backward-codecs-6.6.1.jar;C:\Users\Thanachart Saejueng\.m2\repository\org\apache\lucene\lucene-grouping\6.6.1\lucene-grouping-6.6.1.jar;C:\Users\Thanachart Saejueng\.m2\repository\org\apache\lucene\lucene-highlighter\6.6.1\lucene-highlighter-6.6.1.jar;C:\Users\Thanachart Saejueng\.m2\repository\org\apache\lucene\lucene-join\6.6.1\lucene-join-6.6.1.jar;C:\Users\Thanachart Saejueng\.m2\repository\org\apache\lucene\lucene-memory\6.6.1\lucene-memory-6.6.1.jar;C:\Users\Thanachart Saejueng\.m2\repository\org\apache\lucene\lucene-misc\6.6.1\lucene-misc-6.6.1.jar;C:\Users\Thanachart Saejueng\.m2\repository\org\apache\lucene\lucene-queries\6.6.1\lucene-queries-6.6.1.jar;C:\Users\Thanachart Saejueng\.m2\repository\org\apache\lucene\lucene-queryparser\6.6.1\lucene-queryparser-6.6.1.jar;C:\Users\Thanachart Saejueng\.m2\repository\org\apache\lucene\lucene-sandbox\6.6.1\lucene-sandbox-6.6.1.jar;C:\Users\Thanachart Saejueng\.m2\repository\org\apache\lucene\lucene-spatial\6.6.1\lucene-spatial-6.6.1.jar;C:\Users\Thanachart Saejueng\.m2\repository\org\apache\lucene\lucene-spatial-extras\6.6.1\lucene-spatial-extras-6.6.1.jar;C:\Users\Thanachart Saejueng\.m2\repository\org\apache\lucene\lucene-spatial3d\6.6.1\lucene-spatial3d-6.6.1.jar;C:\Users\Thanachart Saejueng\.m2\repository\org\apache\lucene\lucene-suggest\6.6.1\lucene-suggest-6.6.1.jar;C:\Users\Thanachart Saejueng\.m2\repository\org\elasticsearch\securesm\1.1\securesm-1.1.jar;C:\Users\Thanachart Saejueng\.m2\repository\net\sf\jopt-simple\jopt-simple\5.0.2\jopt-simple-5.0.2.jar;C:\Users\Thanachart Saejueng\.m2\repository\com\carrotsearch\hppc\0.7.1\hppc-0.7.1.jar;C:\Users\Thanachart Saejueng\.m2\repository\joda-time\joda-time\2.9.5\joda-time-2.9.5.jar;C:\Users\Thanachart Saejueng\.m2\repository\org\yaml\snakeyaml\1.15\snakeyaml-1.15.jar;C:\Users\Thanachart Saejueng\.m2\repository\com\fasterxml\jackson\core\jackson-core\2.8.6\jackson-core-2.8.6.jar;C:\Users\Thanachart Saejueng\.m2\repository\com\fasterxml\jackson\dataformat\jackson-dataformat-smile\2.8.6\jackson-dataformat-smile-2.8.6.jar;C:\Users\Thanachart Saejueng\.m2\repository\com\fasterxml\jackson\dataformat\jackson-dataformat-yaml\2.8.6\jackson-dataformat-yaml-2.8.6.jar;C:\Users\Thanachart Saejueng\.m2\repository\com\fasterxml\jackson\dataformat\jackson-dataformat-cbor\2.8.6\jackson-dataformat-cbor-2.8.6.jar;C:\Users\Thanachart Saejueng\.m2\repository\com\tdunning\t-digest\3.0\t-digest-3.0.jar;C:\Users\Thanachart Saejueng\.m2\repository\org\hdrhistogram\HdrHistogram\2.1.9\HdrHistogram-2.1.9.jar;C:\Users\Thanachart Saejueng\.m2\repository\org\apache\logging\log4j\log4j-api\2.9.1\log4j-api-2.9.1.jar;C:\Users\Thanachart Saejueng\.m2\repository\org\elasticsearch\jna\4.4.0-1\jna-4.4.0-1.jar;C:\Users\Thanachart Saejueng\.m2\repository\org\elasticsearch\client\transport\5.6.4\transport-5.6.4.jar;C:\Users\Thanachart Saejueng\.m2\repository\org\elasticsearch\plugin\transport-netty3-client\5.6.4\transport-netty3-client-5.6.4.jar;C:\Users\Thanachart Saejueng\.m2\repository\io\netty\netty\3.10.6.Final\netty-3.10.6.Final.jar;C:\Users\Thanachart Saejueng\.m2\repository\org\elasticsearch\plugin\transport-netty4-client\5.6.4\transport-netty4-client-5.6.4.jar;C:\Users\Thanachart Saejueng\.m2\repository\io\netty\netty-buffer\4.1.13.Final\netty-buffer-4.1.13.Final.jar;C:\Users\Thanachart Saejueng\.m2\repository\io\netty\netty-codec\4.1.13.Final\netty-codec-4.1.13.Final.jar;C:\Users\Thanachart Saejueng\.m2\repository\io\netty\netty-codec-http\4.1.13.Final\netty-codec-http-4.1.13.Final.jar;C:\Users\Thanachart Saejueng\.m2\repository\io\netty\netty-common\4.1.13.Final\netty-common-4.1.13.Final.jar;C:\Users\Thanachart Saejueng\.m2\repository\io\netty\netty-handler\4.1.13.Final\netty-handler-4.1.13.Final.jar;C:\Users\Thanachart Saejueng\.m2\repository\io\netty\netty-resolver\4.1.13.Final\netty-resolver-4.1.13.Final.jar;C:\Users\Thanachart Saejueng\.m2\repository\io\netty\netty-transport\4.1.13.Final\netty-transport-4.1.13.Final.jar;C:\Users\Thanachart Saejueng\.m2\repository\org\elasticsearch\plugin\reindex-client\5.6.4\reindex-client-5.6.4.jar;C:\Users\Thanachart Saejueng\.m2\repository\org\elasticsearch\client\elasticsearch-rest-client\5.6.4\elasticsearch-rest-client-5.6.4.jar;C:\Users\Thanachart Saejueng\.m2\repository\org\apache\httpcomponents\httpasyncclient\4.1.2\httpasyncclient-4.1.2.jar;C:\Users\Thanachart Saejueng\.m2\repository\org\apache\httpcomponents\httpcore-nio\4.4.5\httpcore-nio-4.4.5.jar;C:\Users\Thanachart Saejueng\.m2\repository\org\elasticsearch\plugin\lang-mustache-client\5.6.4\lang-mustache-client-5.6.4.jar;C:\Users\Thanachart Saejueng\.m2\repository\com\github\spullara\mustache\java\compiler\0.9.3\compiler-0.9.3.jar;C:\Users\Thanachart Saejueng\.m2\repository\org\elasticsearch\plugin\percolator-client\5.6.4\percolator-client-5.6.4.jar;C:\Users\Thanachart Saejueng\.m2\repository\org\elasticsearch\plugin\parent-join-client\5.6.4\parent-join-client-5.6.4.jar;C:\Users\Thanachart Saejueng\.m2\repository\com\google\code\gson\gson\2.8.2\gson-2.8.2.jar;"/>
    <property name="java.vm.vendor" value="Oracle Corporation"/>
    <property name="sun.arch.data.model" value="64"/>
    <property name="user.variant" value=""/>
    <property name="java.vendor.url" value="http://java.oracle.com/"/>
    <property name="user.timezone" value="Asia/Bangkok"/>
    <property name="java.vm.specification.version" value="1.8"/>
    <property name="os.name" value="Windows 10"/>
    <property name="user.country" value="US"/>
    <property name="sun.java.launcher" value="SUN_STANDARD"/>
    <property name="sun.boot.library.path" value="C:\Program Files\Java\jdk1.8.0_202\jre\bin"/>
    <property name="sun.java.command" value="C:\Users\Thanachart Saejueng\AppData\Local\Temp\surefire5184486530980027649\surefirebooter-20240117165032024_3.jar C:\Users\Thanachart Saejueng\AppData\Local\Temp\surefire5184486530980027649 2024-01-17T16-50-30_795-jvmRun1 surefire-20240117165032024_1tmp surefire_0-20240117165032024_2tmp"/>
    <property name="surefire.test.class.path" value="C:\Users\Thanachart Saejueng\Desktop\AWS Project\hkhcoder\vprofile-project\target\test-classes;C:\Users\Thanachart Saejueng\Desktop\AWS Project\hkhcoder\vprofile-project\target\classes;C:\Users\Thanachart Saejueng\.m2\repository\org\springframework\spring-web\4.2.0.RELEASE\spring-web-4.2.0.RELEASE.jar;C:\Users\Thanachart Saejueng\.m2\repository\org\springframework\spring-aop\4.2.0.RELEASE\spring-aop-4.2.0.RELEASE.jar;C:\Users\Thanachart Saejueng\.m2\repository\org\springframework\spring-beans\4.2.0.RELEASE\spring-beans-4.2.0.RELEASE.jar;C:\Users\Thanachart Saejueng\.m2\repository\org\springframework\spring-context\4.2.0.RELEASE\spring-context-4.2.0.RELEASE.jar;C:\Users\Thanachart Saejueng\.m2\repository\org\springframework\spring-core\4.2.0.RELEASE\spring-core-4.2.0.RELEASE.jar;C:\Users\Thanachart Saejueng\.m2\repository\commons-logging\commons-logging\1.2\commons-logging-1.2.jar;C:\Users\Thanachart Saejueng\.m2\repository\org\springframework\spring-webmvc\4.2.0.RELEASE\spring-webmvc-4.2.0.RELEASE.jar;C:\Users\Thanachart Saejueng\.m2\repository\org\springframework\spring-expression\4.2.0.RELEASE\spring-expression-4.2.0.RELEASE.jar;C:\Users\Thanachart Saejueng\.m2\repository\org\springframework\security\spring-security-web\4.0.2.RELEASE\spring-security-web-4.0.2.RELEASE.jar;C:\Users\Thanachart Saejueng\.m2\repository\aopalliance\aopalliance\1.0\aopalliance-1.0.jar;C:\Users\Thanachart Saejueng\.m2\repository\org\springframework\security\spring-security-core\4.0.2.RELEASE\spring-security-core-4.0.2.RELEASE.jar;C:\Users\Thanachart Saejueng\.m2\repository\org\springframework\security\spring-security-config\4.0.2.RELEASE\spring-security-config-4.0.2.RELEASE.jar;C:\Users\Thanachart Saejueng\.m2\repository\org\hibernate\hibernate-validator\5.2.1.Final\hibernate-validator-5.2.1.Final.jar;C:\Users\Thanachart Saejueng\.m2\repository\javax\validation\validation-api\1.1.0.Final\validation-api-1.1.0.Final.jar;C:\Users\Thanachart Saejueng\.m2\repository\org\jboss\logging\jboss-logging\3.2.1.Final\jboss-logging-3.2.1.Final.jar;C:\Users\Thanachart Saejueng\.m2\repository\com\fasterxml\classmate\1.1.0\classmate-1.1.0.jar;C:\Users\Thanachart Saejueng\.m2\repository\org\springframework\data\spring-data-jpa\1.8.2.RELEASE\spring-data-jpa-1.8.2.RELEASE.jar;C:\Users\Thanachart Saejueng\.m2\repository\org\springframework\data\spring-data-commons\1.10.2.RELEASE\spring-data-commons-1.10.2.RELEASE.jar;C:\Users\Thanachart Saejueng\.m2\repository\org\springframework\spring-orm\4.0.9.RELEASE\spring-orm-4.0.9.RELEASE.jar;C:\Users\Thanachart Saejueng\.m2\repository\org\springframework\spring-jdbc\4.0.9.RELEASE\spring-jdbc-4.0.9.RELEASE.jar;C:\Users\Thanachart Saejueng\.m2\repository\org\springframework\spring-tx\4.0.9.RELEASE\spring-tx-4.0.9.RELEASE.jar;C:\Users\Thanachart Saejueng\.m2\repository\org\aspectj\aspectjrt\1.8.6\aspectjrt-1.8.6.jar;C:\Users\Thanachart Saejueng\.m2\repository\org\slf4j\slf4j-api\1.7.12\slf4j-api-1.7.12.jar;C:\Users\Thanachart Saejueng\.m2\repository\org\slf4j\jcl-over-slf4j\1.7.12\jcl-over-slf4j-1.7.12.jar;C:\Users\Thanachart Saejueng\.m2\repository\org\hibernate\hibernate-entitymanager\4.3.11.Final\hibernate-entitymanager-4.3.11.Final.jar;C:\Users\Thanachart Saejueng\.m2\repository\org\jboss\logging\jboss-logging-annotations\1.2.0.Beta1\jboss-logging-annotations-1.2.0.Beta1.jar;C:\Users\Thanachart Saejueng\.m2\repository\org\hibernate\hibernate-core\4.3.11.Final\hibernate-core-4.3.11.Final.jar;C:\Users\Thanachart Saejueng\.m2\repository\antlr\antlr\2.7.7\antlr-2.7.7.jar;C:\Users\Thanachart Saejueng\.m2\repository\org\jboss\jandex\1.1.0.Final\jandex-1.1.0.Final.jar;C:\Users\Thanachart Saejueng\.m2\repository\dom4j\dom4j\1.6.1\dom4j-1.6.1.jar;C:\Users\Thanachart Saejueng\.m2\repository\xml-apis\xml-apis\1.0.b2\xml-apis-1.0.b2.jar;C:\Users\Thanachart Saejueng\.m2\repository\org\hibernate\common\hibernate-commons-annotations\4.0.5.Final\hibernate-commons-annotations-4.0.5.Final.jar;C:\Users\Thanachart Saejueng\.m2\repository\org\hibernate\javax\persistence\hibernate-jpa-2.1-api\1.0.0.Final\hibernate-jpa-2.1-api-1.0.0.Final.jar;C:\Users\Thanachart Saejueng\.m2\repository\org\jboss\spec\javax\transaction\jboss-transaction-api_1.2_spec\1.0.0.Final\jboss-transaction-api_1.2_spec-1.0.0.Final.jar;C:\Users\Thanachart Saejueng\.m2\repository\org\javassist\javassist\3.18.1-GA\javassist-3.18.1-GA.jar;C:\Users\Thanachart Saejueng\.m2\repository\com\mysql\mysql-connector-j\8.0.32\mysql-connector-j-8.0.32.jar;C:\Users\Thanachart Saejueng\.m2\repository\com\google\protobuf\protobuf-java\3.21.9\protobuf-java-3.21.9.jar;C:\Users\Thanachart Saejueng\.m2\repository\commons-dbcp\commons-dbcp\1.4\commons-dbcp-1.4.jar;C:\Users\Thanachart Saejueng\.m2\repository\commons-pool\commons-pool\1.5.4\commons-pool-1.5.4.jar;C:\Users\Thanachart Saejueng\.m2\repository\javax\servlet\jstl\1.2\jstl-1.2.jar;C:\Users\Thanachart Saejueng\.m2\repository\junit\junit\4.10\junit-4.10.jar;C:\Users\Thanachart Saejueng\.m2\repository\org\hamcrest\hamcrest-core\1.1\hamcrest-core-1.1.jar;C:\Users\Thanachart Saejueng\.m2\repository\org\mockito\mockito-core\1.9.5\mockito-core-1.9.5.jar;C:\Users\Thanachart Saejueng\.m2\repository\org\objenesis\objenesis\1.0\objenesis-1.0.jar;C:\Users\Thanachart Saejueng\.m2\repository\org\springframework\spring-test\3.2.3.RELEASE\spring-test-3.2.3.RELEASE.jar;C:\Users\Thanachart Saejueng\.m2\repository\javax\servlet\javax.servlet-api\3.1.0\javax.servlet-api-3.1.0.jar;C:\Users\Thanachart Saejueng\.m2\repository\ch\qos\logback\logback-classic\1.1.3\logback-classic-1.1.3.jar;C:\Users\Thanachart Saejueng\.m2\repository\ch\qos\logback\logback-core\1.1.3\logback-core-1.1.3.jar;C:\Users\Thanachart Saejueng\.m2\repository\org\hamcrest\hamcrest-all\1.3\hamcrest-all-1.3.jar;C:\Users\Thanachart Saejueng\.m2\repository\commons-fileupload\commons-fileupload\1.3.1\commons-fileupload-1.3.1.jar;C:\Users\Thanachart Saejueng\.m2\repository\net\spy\spymemcached\2.12.3\spymemcached-2.12.3.jar;C:\Users\Thanachart Saejueng\.m2\repository\commons-io\commons-io\2.4\commons-io-2.4.jar;C:\Users\Thanachart Saejueng\.m2\repository\org\springframework\amqp\spring-rabbit\1.7.1.RELEASE\spring-rabbit-1.7.1.RELEASE.jar;C:\Users\Thanachart Saejueng\.m2\repository\org\springframework\spring-messaging\4.3.7.RELEASE\spring-messaging-4.3.7.RELEASE.jar;C:\Users\Thanachart Saejueng\.m2\repository\org\springframework\amqp\spring-amqp\1.7.1.RELEASE\spring-amqp-1.7.1.RELEASE.jar;C:\Users\Thanachart Saejueng\.m2\repository\com\rabbitmq\http-client\1.1.1.RELEASE\http-client-1.1.1.RELEASE.jar;C:\Users\Thanachart Saejueng\.m2\repository\org\apache\httpcomponents\httpclient\4.3.6\httpclient-4.3.6.jar;C:\Users\Thanachart Saejueng\.m2\repository\org\apache\httpcomponents\httpcore\4.3.3\httpcore-4.3.3.jar;C:\Users\Thanachart Saejueng\.m2\repository\commons-codec\commons-codec\1.6\commons-codec-1.6.jar;C:\Users\Thanachart Saejueng\.m2\repository\com\fasterxml\jackson\core\jackson-databind\2.8.4\jackson-databind-2.8.4.jar;C:\Users\Thanachart Saejueng\.m2\repository\com\fasterxml\jackson\core\jackson-annotations\2.8.0\jackson-annotations-2.8.0.jar;C:\Users\Thanachart Saejueng\.m2\repository\org\springframework\retry\spring-retry\1.2.0.RELEASE\spring-retry-1.2.0.RELEASE.jar;C:\Users\Thanachart Saejueng\.m2\repository\com\rabbitmq\amqp-client\4.0.2\amqp-client-4.0.2.jar;C:\Users\Thanachart Saejueng\.m2\repository\org\elasticsearch\elasticsearch\5.6.4\elasticsearch-5.6.4.jar;C:\Users\Thanachart Saejueng\.m2\repository\org\apache\lucene\lucene-core\6.6.1\lucene-core-6.6.1.jar;C:\Users\Thanachart Saejueng\.m2\repository\org\apache\lucene\lucene-analyzers-common\6.6.1\lucene-analyzers-common-6.6.1.jar;C:\Users\Thanachart Saejueng\.m2\repository\org\apache\lucene\lucene-backward-codecs\6.6.1\lucene-backward-codecs-6.6.1.jar;C:\Users\Thanachart Saejueng\.m2\repository\org\apache\lucene\lucene-grouping\6.6.1\lucene-grouping-6.6.1.jar;C:\Users\Thanachart Saejueng\.m2\repository\org\apache\lucene\lucene-highlighter\6.6.1\lucene-highlighter-6.6.1.jar;C:\Users\Thanachart Saejueng\.m2\repository\org\apache\lucene\lucene-join\6.6.1\lucene-join-6.6.1.jar;C:\Users\Thanachart Saejueng\.m2\repository\org\apache\lucene\lucene-memory\6.6.1\lucene-memory-6.6.1.jar;C:\Users\Thanachart Saejueng\.m2\repository\org\apache\lucene\lucene-misc\6.6.1\lucene-misc-6.6.1.jar;C:\Users\Thanachart Saejueng\.m2\repository\org\apache\lucene\lucene-queries\6.6.1\lucene-queries-6.6.1.jar;C:\Users\Thanachart Saejueng\.m2\repository\org\apache\lucene\lucene-queryparser\6.6.1\lucene-queryparser-6.6.1.jar;C:\Users\Thanachart Saejueng\.m2\repository\org\apache\lucene\lucene-sandbox\6.6.1\lucene-sandbox-6.6.1.jar;C:\Users\Thanachart Saejueng\.m2\repository\org\apache\lucene\lucene-spatial\6.6.1\lucene-spatial-6.6.1.jar;C:\Users\Thanachart Saejueng\.m2\repository\org\apache\lucene\lucene-spatial-extras\6.6.1\lucene-spatial-extras-6.6.1.jar;C:\Users\Thanachart Saejueng\.m2\repository\org\apache\lucene\lucene-spatial3d\6.6.1\lucene-spatial3d-6.6.1.jar;C:\Users\Thanachart Saejueng\.m2\repository\org\apache\lucene\lucene-suggest\6.6.1\lucene-suggest-6.6.1.jar;C:\Users\Thanachart Saejueng\.m2\repository\org\elasticsearch\securesm\1.1\securesm-1.1.jar;C:\Users\Thanachart Saejueng\.m2\repository\net\sf\jopt-simple\jopt-simple\5.0.2\jopt-simple-5.0.2.jar;C:\Users\Thanachart Saejueng\.m2\repository\com\carrotsearch\hppc\0.7.1\hppc-0.7.1.jar;C:\Users\Thanachart Saejueng\.m2\repository\joda-time\joda-time\2.9.5\joda-time-2.9.5.jar;C:\Users\Thanachart Saejueng\.m2\repository\org\yaml\snakeyaml\1.15\snakeyaml-1.15.jar;C:\Users\Thanachart Saejueng\.m2\repository\com\fasterxml\jackson\core\jackson-core\2.8.6\jackson-core-2.8.6.jar;C:\Users\Thanachart Saejueng\.m2\repository\com\fasterxml\jackson\dataformat\jackson-dataformat-smile\2.8.6\jackson-dataformat-smile-2.8.6.jar;C:\Users\Thanachart Saejueng\.m2\repository\com\fasterxml\jackson\dataformat\jackson-dataformat-yaml\2.8.6\jackson-dataformat-yaml-2.8.6.jar;C:\Users\Thanachart Saejueng\.m2\repository\com\fasterxml\jackson\dataformat\jackson-dataformat-cbor\2.8.6\jackson-dataformat-cbor-2.8.6.jar;C:\Users\Thanachart Saejueng\.m2\repository\com\tdunning\t-digest\3.0\t-digest-3.0.jar;C:\Users\Thanachart Saejueng\.m2\repository\org\hdrhistogram\HdrHistogram\2.1.9\HdrHistogram-2.1.9.jar;C:\Users\Thanachart Saejueng\.m2\repository\org\apache\logging\log4j\log4j-api\2.9.1\log4j-api-2.9.1.jar;C:\Users\Thanachart Saejueng\.m2\repository\org\elasticsearch\jna\4.4.0-1\jna-4.4.0-1.jar;C:\Users\Thanachart Saejueng\.m2\repository\org\elasticsearch\client\transport\5.6.4\transport-5.6.4.jar;C:\Users\Thanachart Saejueng\.m2\repository\org\elasticsearch\plugin\transport-netty3-client\5.6.4\transport-netty3-client-5.6.4.jar;C:\Users\Thanachart Saejueng\.m2\repository\io\netty\netty\3.10.6.Final\netty-3.10.6.Final.jar;C:\Users\Thanachart Saejueng\.m2\repository\org\elasticsearch\plugin\transport-netty4-client\5.6.4\transport-netty4-client-5.6.4.jar;C:\Users\Thanachart Saejueng\.m2\repository\io\netty\netty-buffer\4.1.13.Final\netty-buffer-4.1.13.Final.jar;C:\Users\Thanachart Saejueng\.m2\repository\io\netty\netty-codec\4.1.13.Final\netty-codec-4.1.13.Final.jar;C:\Users\Thanachart Saejueng\.m2\repository\io\netty\netty-codec-http\4.1.13.Final\netty-codec-http-4.1.13.Final.jar;C:\Users\Thanachart Saejueng\.m2\repository\io\netty\netty-common\4.1.13.Final\netty-common-4.1.13.Final.jar;C:\Users\Thanachart Saejueng\.m2\repository\io\netty\netty-handler\4.1.13.Final\netty-handler-4.1.13.Final.jar;C:\Users\Thanachart Saejueng\.m2\repository\io\netty\netty-resolver\4.1.13.Final\netty-resolver-4.1.13.Final.jar;C:\Users\Thanachart Saejueng\.m2\repository\io\netty\netty-transport\4.1.13.Final\netty-transport-4.1.13.Final.jar;C:\Users\Thanachart Saejueng\.m2\repository\org\elasticsearch\plugin\reindex-client\5.6.4\reindex-client-5.6.4.jar;C:\Users\Thanachart Saejueng\.m2\repository\org\elasticsearch\client\elasticsearch-rest-client\5.6.4\elasticsearch-rest-client-5.6.4.jar;C:\Users\Thanachart Saejueng\.m2\repository\org\apache\httpcomponents\httpasyncclient\4.1.2\httpasyncclient-4.1.2.jar;C:\Users\Thanachart Saejueng\.m2\repository\org\apache\httpcomponents\httpcore-nio\4.4.5\httpcore-nio-4.4.5.jar;C:\Users\Thanachart Saejueng\.m2\repository\org\elasticsearch\plugin\lang-mustache-client\5.6.4\lang-mustache-client-5.6.4.jar;C:\Users\Thanachart Saejueng\.m2\repository\com\github\spullara\mustache\java\compiler\0.9.3\compiler-0.9.3.jar;C:\Users\Thanachart Saejueng\.m2\repository\org\elasticsearch\plugin\percolator-client\5.6.4\percolator-client-5.6.4.jar;C:\Users\Thanachart Saejueng\.m2\repository\org\elasticsearch\plugin\parent-join-client\5.6.4\parent-join-client-5.6.4.jar;C:\Users\Thanachart Saejueng\.m2\repository\com\google\code\gson\gson\2.8.2\gson-2.8.2.jar;"/>
    <property name="sun.cpu.endian" value="little"/>
    <property name="user.home" value="C:\Users\Thanachart Saejueng"/>
    <property name="user.language" value="en"/>
    <property name="java.specification.vendor" value="Oracle Corporation"/>
    <property name="java.home" value="C:\Program Files\Java\jdk1.8.0_202\jre"/>
    <property name="basedir" value="C:\Users\Thanachart Saejueng\Desktop\AWS Project\hkhcoder\vprofile-project"/>
    <property name="file.separator" value="\"/>
    <property name="line.separator" value="&#10;"/>
    <property name="java.vm.specification.vendor" value="Oracle Corporation"/>
    <property name="java.specification.name" value="Java Platform API Specification"/>
    <property name="java.awt.graphicsenv" value="sun.awt.Win32GraphicsEnvironment"/>
    <property name="surefire.real.class.path" value="C:\Users\Thanachart Saejueng\AppData\Local\Temp\surefire5184486530980027649\surefirebooter-20240117165032024_3.jar;C:\\Users\\Thanachart Saejueng\\.m2\\repository\\org\\jacoco\\org.jacoco.agent\\0.8.4\\org.jacoco.agent-0.8.4-runtime.jar"/>
    <property name="sun.boot.class.path" value="C:\Program Files\Java\jdk1.8.0_202\jre\lib\resources.jar;C:\Program Files\Java\jdk1.8.0_202\jre\lib\rt.jar;C:\Program Files\Java\jdk1.8.0_202\jre\lib\sunrsasign.jar;C:\Program Files\Java\jdk1.8.0_202\jre\lib\jsse.jar;C:\Program Files\Java\jdk1.8.0_202\jre\lib\jce.jar;C:\Program Files\Java\jdk1.8.0_202\jre\lib\charsets.jar;C:\Program Files\Java\jdk1.8.0_202\jre\lib\jfr.jar;C:\Program Files\Java\jdk1.8.0_202\jre\classes"/>
    <property name="user.script" value=""/>
    <property name="sun.management.compiler" value="HotSpot 64-Bit Tiered Compilers"/>
    <property name="java.runtime.version" value="1.8.0_202-b08"/>
    <property name="user.name" value="Thanachart Saejueng"/>
    <property name="path.separator" value=";"/>
    <property name="os.version" value="10.0"/>
    <property name="java.endorsed.dirs" value="C:\Program Files\Java\jdk1.8.0_202\jre\lib\endorsed"/>
    <property name="java.runtime.name" value="Java(TM) SE Runtime Environment"/>
    <property name="file.encoding" value="Cp1252"/>
    <property name="java.vm.name" value="Java HotSpot(TM) 64-Bit Server VM"/>
    <property name="localRepository" value="C:\Users\Thanachart Saejueng\.m2\repository"/>
    <property name="java.vendor.url.bug" value="http://bugreport.sun.com/bugreport/"/>
    <property name="java.io.tmpdir" value="C:\Users\THANAC~1\AppData\Local\Temp\"/>
    <property name="java.version" value="1.8.0_202"/>
    <property name="user.dir" value="C:\Users\Thanachart Saejueng\Desktop\AWS Project\hkhcoder\vprofile-project"/>
    <property name="os.arch" value="amd64"/>
    <property name="java.vm.specification.name" value="Java Virtual Machine Specification"/>
    <property name="java.awt.printerjob" value="sun.awt.windows.WPrinterJob"/>
    <property name="sun.os.patch.level" value=""/>
    <property name="java.library.path" value="C:\Program Files\Java\jdk1.8.0_202\jre\bin;C:\WINDOWS\Sun\Java\bin;C:\WINDOWS\system32;C:\WINDOWS;C:\Users\Thanachart Saejueng\bin;C:\Program Files\Git\mingw64\bin;C:\Program Files\Git\usr\local\bin;C:\Program Files\Git\usr\bin;C:\Program Files\Git\usr\bin;C:\Program Files\Git\mingw64\bin;C:\Program Files\Git\usr\bin;C:\Users\Thanachart Saejueng\bin;C:\Users\Thanachart Saejueng\AppData\Local\cloud-code\installer\google-cloud-sdk\bin;C:\Program Files\Common Files\Oracle\Java\javapath;C:\Program Files\Amazon Corretto\jdk11.0.21_9\bin;C:\Program Files (x86)\Common Files\Oracle\Java\javapath;C:\Windows\system32;C:\Windows;C:\Windows\System32\Wbem;C:\Windows\System32\WindowsPowerShell\v1.0;C:\Windows\System32\OpenSSH;C:\Program Files (x86)\NVIDIA Corporation\PhysX\Common;C:\Program Files\NVIDIA Corporation\NVIDIA NvDLISR;C:\Program Files\dotnet;C:\Program Files\PuTTY;C:\WINDOWS\system32;C:\WINDOWS;C:\WINDOWS\System32\Wbem;C:\WINDOWS\System32\WindowsPowerShell\v1.0;C:\WINDOWS\System32\OpenSSH;C:\Program Files\Go\bin;C:\Program Files\nodejs;C:\ProgramData\chocolatey\bin;C:\Program Files\Java\jdk1.8.0_202\bin;C:\Program Files\Java\apache-maven-3.9.6\bin;C:\Program Files\Git\cmd;C:\ProgramData\chocolatey\lib\maven\apache-maven-3.9.6\bin;C:\Gradle\gradle-8.5-all\gradle-8.5\bin;C:\Program Files\Docker\Docker\resources\bin;C:\HashiCorp\Vagrant\bin;C:\Program Files\Amazon\AWSCLIV2;C:\Python311\Scripts;C:\Python311;C:\Users\Thanachart Saejueng\AppData\Local\Microsoft\WindowsApps;C:\Users\Thanachart Saejueng\AppData\Local\Programs\Microsoft VS Code\bin;C:\Users\Thanachart Saejueng\go\bin;C:\Users\Thanachart Saejueng\AppData\Roaming\npm;C:\Program Files\Java\apache-maven-3.9.6\bin;C:\Program Files\Java\jdk1.8.0_202\bin;C:\Program Files\Oracle\VirtualBox;C:\Users\Thanachart Saejueng\AppData\Local\GitHubDesktop\bin;C:\Program Files\JetBrains\IntelliJ IDEA Community Edition 2023.3.2\bin;C:\Gradle\gradle-8.5-all\gradle-8.5\bin;C:\Program Files\Git\usr\bin\vendor_perl;C:\Program Files\Git\usr\bin\core_perl;."/>
    <property name="java.vm.info" value="mixed mode"/>
    <property name="java.vendor" value="Oracle Corporation"/>
    <property name="java.vm.version" value="25.202-b08"/>
    <property name="java.ext.dirs" value="C:\Program Files\Java\jdk1.8.0_202\jre\lib\ext;C:\WINDOWS\Sun\Java\lib\ext"/>
    <property name="sun.io.unicode.encoding" value="UnicodeLittle"/>
    <property name="java.class.version" value="52.0"/>
  </properties>
  <testcase name="testUserDetailsHappyFlow" classname="com.visualpathit.account.modelTest.RoleTest" time="0.001">
    <system-out><![CDATA[Test Completed
]]></system-out>
  </testcase>
</testsuite>